# Logfile created on 2014-02-25 20:18:10 -0500 by logger.rb/44203
I, [2014-02-25T20:18:10.479318 #3517]  INFO -- : 0:  rake (10.1.1) from /Users/nbieber/.rvm/src/rvm/gems/ruby-2.1.0/specifications/rake-10.1.1.gemspec
I, [2014-02-25T20:18:10.776792 #3517]  INFO -- : 0:  i18n (0.6.9) from /Users/nbieber/.rvm/src/rvm/gems/ruby-2.1.0/specifications/i18n-0.6.9.gemspec
I, [2014-02-25T20:18:10.777172 #3517]  INFO -- : 0:  minitest (4.7.5) from /Users/nbieber/.rvm/src/rvm/rubies/ruby-2.1.0/lib/ruby/gems/2.1.0/specifications/default/minitest-4.7.5.gemspec
I, [2014-02-25T20:18:11.039715 #3517]  INFO -- : 0:  multi_json (1.8.4) from /Users/nbieber/.rvm/src/rvm/gems/ruby-2.1.0/specifications/multi_json-1.8.4.gemspec
I, [2014-02-25T20:18:12.786159 #3517]  INFO -- : 0:  atomic (1.1.14) from /Users/nbieber/.rvm/src/rvm/gems/ruby-2.1.0/specifications/atomic-1.1.14.gemspec
I, [2014-02-25T20:18:13.090863 #3517]  INFO -- : 0:  thread_safe (0.1.3) from /Users/nbieber/.rvm/src/rvm/gems/ruby-2.1.0/specifications/thread_safe-0.1.3.gemspec
I, [2014-02-25T20:18:13.659130 #3517]  INFO -- : 0:  tzinfo (0.3.38) from /Users/nbieber/.rvm/src/rvm/gems/ruby-2.1.0/specifications/tzinfo-0.3.38.gemspec
I, [2014-02-25T20:18:14.128907 #3517]  INFO -- : 0:  activesupport (4.0.3) from /Users/nbieber/.rvm/src/rvm/gems/ruby-2.1.0/specifications/activesupport-4.0.3.gemspec
I, [2014-02-25T20:18:14.381482 #3517]  INFO -- : 0:  builder (3.1.4) from /Users/nbieber/.rvm/src/rvm/gems/ruby-2.1.0/specifications/builder-3.1.4.gemspec
I, [2014-02-25T20:18:14.719967 #3517]  INFO -- : 0:  activemodel (4.0.3) from /Users/nbieber/.rvm/src/rvm/gems/ruby-2.1.0/specifications/activemodel-4.0.3.gemspec
I, [2014-02-25T20:18:14.948715 #3517]  INFO -- : 0:  activerecord-deprecated_finders (1.0.3) from /Users/nbieber/.rvm/src/rvm/gems/ruby-2.1.0/specifications/activerecord-deprecated_finders-1.0.3.gemspec
I, [2014-02-25T20:18:15.247994 #3517]  INFO -- : 0:  arel (4.0.2) from /Users/nbieber/.rvm/src/rvm/gems/ruby-2.1.0/specifications/arel-4.0.2.gemspec
I, [2014-02-25T20:18:15.630738 #3517]  INFO -- : 0:  activerecord (4.0.3) from /Users/nbieber/.rvm/src/rvm/gems/ruby-2.1.0/specifications/activerecord-4.0.3.gemspec
I, [2014-02-25T20:18:16.054588 #3517]  INFO -- : 0:  rack (1.5.2) from /Users/nbieber/.rvm/src/rvm/gems/ruby-2.1.0/specifications/rack-1.5.2.gemspec
I, [2014-02-25T20:18:16.318769 #3517]  INFO -- : 0:  rack-protection (1.5.2) from /Users/nbieber/.rvm/src/rvm/gems/ruby-2.1.0/specifications/rack-protection-1.5.2.gemspec
I, [2014-02-25T20:18:16.628781 #3517]  INFO -- : 0:  tilt (1.4.1) from /Users/nbieber/.rvm/src/rvm/gems/ruby-2.1.0/specifications/tilt-1.4.1.gemspec
I, [2014-02-25T20:18:17.058232 #3517]  INFO -- : 0:  sinatra (1.4.4) from /Users/nbieber/.rvm/src/rvm/gems/ruby-2.1.0/specifications/sinatra-1.4.4.gemspec
I, [2014-02-25T20:18:17.274512 #3517]  INFO -- : 0:  sinatra-activerecord (1.3.0) from /Users/nbieber/.rvm/src/rvm/gems/ruby-2.1.0/specifications/sinatra-activerecord-1.3.0.gemspec
I, [2014-02-25T20:18:19.503336 #3517]  INFO -- : 0:  sqlite3 (1.3.9) from /Users/nbieber/.rvm/src/rvm/gems/ruby-2.1.0/specifications/sqlite3-1.3.9.gemspec
I, [2014-02-25T20:18:19.503859 #3517]  INFO -- : 0:  bundler (1.5.1) from /Users/nbieber/.rvm/src/rvm/gems/ruby-2.1.0@global/specifications/bundler-1.5.1.gemspec
I, [2014-02-25T20:19:37.087962 #3857]  INFO -- : 0:  rake (10.1.1) from /Users/nbieber/.rvm/src/rvm/gems/ruby-2.1.0/specifications/rake-10.1.1.gemspec
I, [2014-02-25T20:19:37.088330 #3857]  INFO -- : 0:  i18n (0.6.9) from /Users/nbieber/.rvm/src/rvm/gems/ruby-2.1.0/specifications/i18n-0.6.9.gemspec
I, [2014-02-25T20:19:37.088625 #3857]  INFO -- : 0:  minitest (4.7.5) from /Users/nbieber/.rvm/src/rvm/rubies/ruby-2.1.0/lib/ruby/gems/2.1.0/specifications/default/minitest-4.7.5.gemspec
I, [2014-02-25T20:19:37.088922 #3857]  INFO -- : 0:  multi_json (1.8.4) from /Users/nbieber/.rvm/src/rvm/gems/ruby-2.1.0/specifications/multi_json-1.8.4.gemspec
I, [2014-02-25T20:19:37.089192 #3857]  INFO -- : 0:  atomic (1.1.14) from /Users/nbieber/.rvm/src/rvm/gems/ruby-2.1.0/specifications/atomic-1.1.14.gemspec
I, [2014-02-25T20:19:37.089479 #3857]  INFO -- : 0:  thread_safe (0.1.3) from /Users/nbieber/.rvm/src/rvm/gems/ruby-2.1.0/specifications/thread_safe-0.1.3.gemspec
I, [2014-02-25T20:19:37.089743 #3857]  INFO -- : 0:  tzinfo (0.3.38) from /Users/nbieber/.rvm/src/rvm/gems/ruby-2.1.0/specifications/tzinfo-0.3.38.gemspec
I, [2014-02-25T20:19:37.089992 #3857]  INFO -- : 0:  activesupport (4.0.3) from /Users/nbieber/.rvm/src/rvm/gems/ruby-2.1.0/specifications/activesupport-4.0.3.gemspec
I, [2014-02-25T20:19:37.090240 #3857]  INFO -- : 0:  builder (3.1.4) from /Users/nbieber/.rvm/src/rvm/gems/ruby-2.1.0/specifications/builder-3.1.4.gemspec
I, [2014-02-25T20:19:37.090462 #3857]  INFO -- : 0:  activemodel (4.0.3) from /Users/nbieber/.rvm/src/rvm/gems/ruby-2.1.0/specifications/activemodel-4.0.3.gemspec
I, [2014-02-25T20:19:37.090718 #3857]  INFO -- : 0:  activerecord-deprecated_finders (1.0.3) from /Users/nbieber/.rvm/src/rvm/gems/ruby-2.1.0/specifications/activerecord-deprecated_finders-1.0.3.gemspec
I, [2014-02-25T20:19:37.090957 #3857]  INFO -- : 0:  arel (4.0.2) from /Users/nbieber/.rvm/src/rvm/gems/ruby-2.1.0/specifications/arel-4.0.2.gemspec
I, [2014-02-25T20:19:37.091201 #3857]  INFO -- : 0:  activerecord (4.0.3) from /Users/nbieber/.rvm/src/rvm/gems/ruby-2.1.0/specifications/activerecord-4.0.3.gemspec
I, [2014-02-25T20:19:37.091439 #3857]  INFO -- : 0:  rack (1.5.2) from /Users/nbieber/.rvm/src/rvm/gems/ruby-2.1.0/specifications/rack-1.5.2.gemspec
I, [2014-02-25T20:19:37.091672 #3857]  INFO -- : 0:  rack-protection (1.5.2) from /Users/nbieber/.rvm/src/rvm/gems/ruby-2.1.0/specifications/rack-protection-1.5.2.gemspec
I, [2014-02-25T20:19:37.091916 #3857]  INFO -- : 0:  tilt (1.4.1) from /Users/nbieber/.rvm/src/rvm/gems/ruby-2.1.0/specifications/tilt-1.4.1.gemspec
I, [2014-02-25T20:19:37.092148 #3857]  INFO -- : 0:  sinatra (1.4.4) from /Users/nbieber/.rvm/src/rvm/gems/ruby-2.1.0/specifications/sinatra-1.4.4.gemspec
I, [2014-02-25T20:19:37.092385 #3857]  INFO -- : 0:  sinatra-activerecord (1.3.0) from /Users/nbieber/.rvm/src/rvm/gems/ruby-2.1.0/specifications/sinatra-activerecord-1.3.0.gemspec
I, [2014-02-25T20:19:37.092631 #3857]  INFO -- : 0:  sqlite3 (1.3.9) from /Users/nbieber/.rvm/src/rvm/gems/ruby-2.1.0/specifications/sqlite3-1.3.9.gemspec
I, [2014-02-25T20:19:37.092859 #3857]  INFO -- : 0:  bundler (1.5.1) from /Users/nbieber/.rvm/src/rvm/gems/ruby-2.1.0@global/specifications/bundler-1.5.1.gemspec
